
Showing logs for build [32mcb-kubecd-bdd-gh-1584636762-mas-w56v9-1[0m stage [32mfrom-build-pack[0m and container [32mstep-credential-initializer-zfcws[0m
{"level":"warn","ts":1584636863.444236,"logger":"fallback-logger","caller":"logging/config.go:69","msg":"Fetch GitHub commit ID from kodata failed: \"ref: refs/heads/0.8.0-**-support-backwards-incompats\" is not a valid GitHub commit ID"}
{"level":"info","ts":1584636863.4450173,"logger":"fallback-logger","caller":"creds-init/main.go:40","msg":"Credentials initialized."}

Showing logs for build [32mcb-kubecd-bdd-gh-1584636762-mas-w56v9-1[0m stage [32mfrom-build-pack[0m and container [32mstep-working-dir-initializer-mkh6r[0m
{"level":"warn","ts":1584636865.8933458,"logger":"fallback-logger","caller":"logging/config.go:69","msg":"Fetch GitHub commit ID from kodata failed: open /var/run/ko/HEAD: no such file or directory"}
{"level":"info","ts":1584636865.895054,"logger":"fallback-logger","caller":"bash/main.go:64","msg":"Successfully executed command \"sh -c mkdir -p /workspace/source\"; output "}

Showing logs for build [32mcb-kubecd-bdd-gh-1584636762-mas-w56v9-1[0m stage [32mfrom-build-pack[0m and container [32mstep-place-tools[0m

Showing logs for build [32mcb-kubecd-bdd-gh-1584636762-mas-w56v9-1[0m stage [32mfrom-build-pack[0m and container [32mstep-git-source-cb-kubecd-bdd-gh-1584636762-mas-w56v9-rdrp6[0m
{"level":"warn","ts":1584636976.2946527,"logger":"fallback-logger","caller":"logging/config.go:69","msg":"Fetch GitHub commit ID from kodata failed: \"ref: refs/heads/0.8.0-**-support-backwards-incompats\" is not a valid GitHub commit ID"}
{"level":"info","ts":1584636977.3318508,"logger":"fallback-logger","caller":"git/git.go:103","msg":"Successfully cloned https://github.com/cb-kubecd/bdd-gh-1584636762.git @ v0.0.1 in path /workspace/source"}

Showing logs for build [32mcb-kubecd-bdd-gh-1584636762-mas-w56v9-1[0m stage [32mfrom-build-pack[0m and container [32mstep-git-merge[0m
Using SHAs from PULL_REFS=master:7235d4cbb6894b1d92e81aa611830c6cc0a4faaf
WARNING: no SHAs to merge, falling back to initial cloned commit

Showing logs for build [32mcb-kubecd-bdd-gh-1584636762-mas-w56v9-1[0m stage [32mfrom-build-pack[0m and container [32mstep-setup-jx-git-credentials[0m
Generated Git credentials file /workspace/xdg_config/git/credentials

Showing logs for build [32mcb-kubecd-bdd-gh-1584636762-mas-w56v9-1[0m stage [32mfrom-build-pack[0m and container [32mstep-build-make-build[0m
CGO_ENABLED=0 GO15VENDOREXPERIMENT=1 go build -ldflags '' -o bin/bdd-gh-1584636762 main.go

Showing logs for build [32mcb-kubecd-bdd-gh-1584636762-mas-w56v9-1[0m stage [32mfrom-build-pack[0m and container [32mstep-build-container-build[0m
[36mINFO[0m[0000] No base image, nothing to extract            
[36mINFO[0m[0000] cmd: EXPOSE                                  
[36mINFO[0m[0000] Adding exposed port: 8080/tcp                
[36mINFO[0m[0000] Using files from context: [/workspace/source/bin] 
[36mINFO[0m[0000] Skipping unpacking as no commands require it. 
[36mINFO[0m[0000] Taking snapshot of full filesystem...        
[36mINFO[0m[0000] EXPOSE 8080                                  
[36mINFO[0m[0000] cmd: EXPOSE                                  
[36mINFO[0m[0000] Adding exposed port: 8080/tcp                
[36mINFO[0m[0000] No files changed in this command, skipping snapshotting. 
[36mINFO[0m[0000] ENTRYPOINT ["/bdd-gh-1584636762"]            
[36mINFO[0m[0000] No files changed in this command, skipping snapshotting. 
[36mINFO[0m[0000] Using files from context: [/workspace/source/bin] 
[36mINFO[0m[0000] COPY ./bin/ /                                
[36mINFO[0m[0000] Taking snapshot of files...                  
2020/03/19 16:56:33 pushed blob: sha256:85736f1ea318dea359503169ba4dbe5cbe5aab5fabaf0678bf2821da578a06ea
2020/03/19 16:56:34 pushed blob: sha256:70f654834bf6bf644fc4b5e8b5ede7893037c861306ada261a71a040125bf7bd
2020/03/19 16:56:35 gcr.io/jenkins-x-bdd3/bdd-gh-1584636762:0.0.1: digest: sha256:c5a5e80a22ba6b1e9e1a4e7431bd2f5a7730e942fe0f0994d4aae7ba740d1d57 size: 428

Showing logs for build [32mcb-kubecd-bdd-gh-1584636762-mas-w56v9-1[0m stage [32mfrom-build-pack[0m and container [32mstep-build-post-build[0m
no CVE provider running in the current ** namespace so skip adding image to be analysed

Showing logs for build [32mcb-kubecd-bdd-gh-1584636762-mas-w56v9-1[0m stage [32mfrom-build-pack[0m and container [32mstep-promote-changelog[0m
Converted /workspace/source/charts/bdd-gh-1584636762 to an unshallow repository
Generating change log from git ref 52efb916f930a7ee62aea64c73fce23d8000f020 => caade4feb9f4697f1a384a3a0f891b13592ef5f1
Associating user x-0 in users.jenkins.io with email c**d-bot@cloudbees.com to git GitProvider user with login -0 as emails match
Adding label jenkins.io/git-github-userid=-0 to user x-0 in users.jenkins.io
WARNING: Failed to enrich commit 7235d4cbb6894b1d92e81aa611830c6cc0a4faaf with issues: User.jenkins.io "x-0" is invalid: metadata.labels: Invalid value: "-0": a valid label must be an empty string or consist of alphanumeric characters, '-', '_' or '.', and must start and end with an alphanumeric character (e.g. 'MyValue',  or 'my_value',  or '12345', regex used for validation is '(([A-Za-z0-9][-A-Za-z0-9_.]*)?[A-Za-z0-9])?')
Associating user x-0 in users.jenkins.io with email c**d-bot@cloudbees.com to git GitProvider user with login -0 as emails match
Adding label jenkins.io/git-github-userid=-0 to user x-0 in users.jenkins.io
WARNING: Failed to enrich commit 7235d4cbb6894b1d92e81aa611830c6cc0a4faaf with issues: User.jenkins.io "x-0" is invalid: metadata.labels: Invalid value: "-0": a valid label must be an empty string or consist of alphanumeric characters, '-', '_' or '.', and must start and end with an alphanumeric character (e.g. 'MyValue',  or 'my_value',  or '12345', regex used for validation is '(([A-Za-z0-9][-A-Za-z0-9_.]*)?[A-Za-z0-9])?')
Finding issues in commit messages using git format
WARNING: No release found for cb-kubecd/bdd-gh-1584636762 and tag v0.0.1 so creating a new release
Updated the release information at https://github.com/cb-kubecd/bdd-gh-1584636762/releases/tag/v0.0.1
generated: /workspace/source/charts/bdd-gh-1584636762/templates/release.yaml
Created Release bdd-gh-1584636762-0-0-1 resource in namespace **
Updating PipelineActivity cb-kubecd-bdd-gh-1584636762-master-1 with version 0.0.1
Updated PipelineActivities cb-kubecd-bdd-gh-1584636762-master-1 with release notes URL: https://github.com/cb-kubecd/bdd-gh-1584636762/releases/tag/v0.0.1

Showing logs for build [32mcb-kubecd-bdd-gh-1584636762-mas-w56v9-1[0m stage [32mfrom-build-pack[0m and container [32mstep-promote-helm-release[0m
WARNING: No $CHART_REPOSITORY defined so using the default value of: http://jenkins-x-chartmuseum:8080
Adding missing Helm repo: storage.googleapis.com https://storage.googleapis.com/chartmuseum.jenkins-x.io
WARNING: No secrets found on "helm/repos" due: reading the secret "helm/repos" from vault: no secret "helm/repos" not found in vault
Read credentials for https://storage.googleapis.com/chartmuseum.jenkins-x.io from vault helm/repos
Successfully added Helm repository storage.googleapis.com.
Adding missing Helm repo: jenkins-x-chartmuseum http://jenkins-x-chartmuseum:8080
WARNING: No secrets found on "helm/repos" due: reading the secret "helm/repos" from vault: no secret "helm/repos" not found in vault
Read credentials for http://jenkins-x-chartmuseum:8080 from vault helm/repos
Successfully added Helm repository jenkins-x-chartmuseum.
WARNING: No $CHART_REPOSITORY defined so using the default value of: http://jenkins-x-chartmuseum:8080
Uploading chart file bdd-gh-1584636762-0.0.1.tgz to http://jenkins-x-chartmuseum:8080/api/charts
Received 201 response: {"saved":true}

Showing logs for build [32mcb-kubecd-bdd-gh-1584636762-mas-w56v9-1[0m stage [32mfrom-build-pack[0m and container [32mstep-promote-jx-promote[0m
WARNING: prow based install so skip waiting for the merge of Pull Requests to go green as currently there is an issue with gettingstatuses from the PR, see https://github.com/jenkins-x/**/issues/2410
WARNING: No $CHART_REPOSITORY defined so using the default value of: http://jenkins-x-chartmuseum:8080
Promoting app bdd-gh-1584636762 version 0.0.1 to namespace **-staging
WARNING: 
Created Pull Request: https://github.com/cb-kubecd/environment-pr-184-69-boot-gke-staging/pull/2
Added label updatebot to Pull Request https://github.com/cb-kubecd/environment-pr-184-69-boot-gke-staging/pull/2
got git provider status pending from PR https://github.com/cb-kubecd/environment-pr-184-69-boot-gke-staging/pull/2
got git provider status pending from PR https://github.com/cb-kubecd/environment-pr-184-69-boot-gke-staging/pull/2
got git provider status pending from PR https://github.com/cb-kubecd/environment-pr-184-69-boot-gke-staging/pull/2
got git provider status pending from PR https://github.com/cb-kubecd/environment-pr-184-69-boot-gke-staging/pull/2
got git provider status pending from PR https://github.com/cb-kubecd/environment-pr-184-69-boot-gke-staging/pull/2
got git provider status pending from PR https://github.com/cb-kubecd/environment-pr-184-69-boot-gke-staging/pull/2
Pull Request https://github.com/cb-kubecd/environment-pr-184-69-boot-gke-staging/pull/2 is merged at sha b07db330bd3c2ee59723caaa9d094e8663586d4d
Pull Request merged but we are not waiting for the update pipeline to complete!
WARNING: Could not find the service URL in namespace **-staging for names bdd-gh-1584636762, **-bdd-gh-1584636762, **-staging-bdd-gh-1584636762
